[15:45:50] [main/WARN]: Class path entries reference missing files: C:\git\ec-fabric\bin\main - the game may not load properly!
[15:45:50] [main/INFO]: Loading Minecraft 1.18.2 with Fabric Loader 0.14.9
[15:45:50] [main/INFO]: Loading 3 mods:
	- fabricloader 0.14.9
	- java 17
	- minecraft 1.18.2
[15:45:50] [main/INFO]: SpongePowered MIXIN Subsystem Version=0.8.5 Source=file:/C:/Program%20Files/Java/jdk-17.0.1/caches/modules-2/files-2.1/net.fabricmc/sponge-mixin/0.11.4+mixin.0.8.5/c1dc27696aa4006e492c2485c9ccbcb26045a971/sponge-mixin-0.11.4+mixin.0.8.5.jar Service=Knot/Fabric Env=CLIENT
[15:45:51] [main/WARN]: Configuration conflict: there is more than one oshi.properties file on the classpath
[15:45:51] [main/WARN]: Configuration conflict: there is more than one oshi.architecture.properties file on the classpath
[15:45:55] [main/ERROR]: Minecraft has crashed!
net.fabricmc.loader.impl.FormattedException: java.lang.IllegalAccessError: class net.minecraft.world.gen.chunk.ChunkGeneratorSettings tried to access protected method 'net.minecraft.world.gen.noise.SimpleNoiseRouter net.minecraft.world.gen.densityfunction.DensityFunctions.method_41103(net.minecraft.world.gen.chunk.GenerationShapeConfig, boolean)' (net.minecraft.world.gen.chunk.ChunkGeneratorSettings and net.minecraft.world.gen.densityfunction.DensityFunctions are in unnamed module of loader net.fabricmc.loader.impl.launch.knot.KnotClassLoader @59717824)
	at net.fabricmc.loader.impl.game.minecraft.MinecraftGameProvider.launch(MinecraftGameProvider.java:463) ~[fabric-loader-0.14.9.jar:?]
	at net.fabricmc.loader.impl.launch.knot.Knot.launch(Knot.java:74) [fabric-loader-0.14.9.jar:?]
	at net.fabricmc.loader.impl.launch.knot.KnotClient.main(KnotClient.java:23) [fabric-loader-0.14.9.jar:?]
	at net.fabricmc.devlaunchinjector.Main.main(Main.java:86) [dev-launch-injector-0.2.1+build.8.jar:?]
Caused by: java.lang.IllegalAccessError: class net.minecraft.world.gen.chunk.ChunkGeneratorSettings tried to access protected method 'net.minecraft.world.gen.noise.SimpleNoiseRouter net.minecraft.world.gen.densityfunction.DensityFunctions.method_41103(net.minecraft.world.gen.chunk.GenerationShapeConfig, boolean)' (net.minecraft.world.gen.chunk.ChunkGeneratorSettings and net.minecraft.world.gen.densityfunction.DensityFunctions are in unnamed module of loader net.fabricmc.loader.impl.launch.knot.KnotClassLoader @59717824)
	at net.minecraft.world.gen.chunk.ChunkGeneratorSettings.createSurfaceSettings(ChunkGeneratorSettings.java:130) ~[minecraft-project-@-merged-named.jar:?]
	at net.minecraft.world.gen.chunk.ChunkGeneratorSettings.<clinit>(ChunkGeneratorSettings.java:81) ~[minecraft-project-@-merged-named.jar:?]
	at net.minecraft.util.registry.BuiltinRegistries.method_30566(BuiltinRegistries.java:86) ~[minecraft-project-@-merged-named.jar:?]
	at java.util.LinkedHashMap.forEach(Unknown Source) ~[?:?]
	at net.minecraft.util.registry.BuiltinRegistries.<clinit>(BuiltinRegistries.java:85) ~[minecraft-project-@-merged-named.jar:?]
	at net.minecraft.util.registry.Registry.<clinit>(Registry.java:291) ~[minecraft-project-@-merged-named.jar:?]
	at net.minecraft.Bootstrap.initialize(Bootstrap.java:49) ~[minecraft-project-@-merged-named.jar:?]
	at net.minecraft.client.main.Main.main(Main.java:153) ~[minecraft-project-@-merged-named.jar:?]
	at net.fabricmc.loader.impl.game.minecraft.MinecraftGameProvider.launch(MinecraftGameProvider.java:461) ~[fabric-loader-0.14.9.jar:?]
	... 3 more
